<?xml version="1.0" encoding="UTF-8"?>
<!-- Generated by org.testng.reporters.JUnitXMLReporter -->
<testsuite hostname="DESKTOP-RECL507" ignored="0" tests="4" failures="0" timestamp="18 Mar 2023 08:29:01 GMT" time="4.255" errors="0">
  <testcase name="getFalseWithWrongMillis" time="2.097" classname="TimeStampfromDateTest"/>
  <testcase name="getFalseWithWrongTimestamp" time="0.625" classname="TimeStampfromDateTest"/>
  <testcase name="getMillisFromTimestamp" time="0.306" classname="TimeStampfromDateTest"/>
  <testcase name="getTimestampFromDate" time="0.269" classname="TimeStampfromDateTest"/>
</testsuite>
